<?xml version="1.0" encoding="UTF-8"?>
<testsuite name="ScrabbleTest" tests="9" skipped="0" failures="0" errors="0" timestamp="2017-03-15T16:13:39" hostname="Epicodus-6D.local" time="0.003">
  <properties/>
  <testcase name="calculateScore_returnsScoreForMultipleLetter_3" classname="ScrabbleTest" time="0.001"/>
  <testcase name="calculateScore_returnsScoreForMultipleLetter_4" classname="ScrabbleTest" time="0.0"/>
  <testcase name="calculateScore_returnsScoreForSingleLetter_1" classname="ScrabbleTest" time="0.0"/>
  <testcase name="calculateScore_returnsScoreForSingleLetter_2" classname="ScrabbleTest" time="0.0"/>
  <testcase name="calculateScore_returnsScoreForSingleLetter_3" classname="ScrabbleTest" time="0.0"/>
  <testcase name="calculateScore_returnsScoreForSingleLetter_4" classname="ScrabbleTest" time="0.0"/>
  <testcase name="calculateScore_returnsScoreForMultipleLetter_10" classname="ScrabbleTest" time="0.0"/>
  <testcase name="calculateScore_returnsScoreForMultipleLetters_1" classname="ScrabbleTest" time="0.0"/>
  <testcase name="calculateScore_returnsScoreForMultipleLetters_2" classname="ScrabbleTest" time="0.0"/>
  <system-out><![CDATA[]]></system-out>
  <system-err><![CDATA[]]></system-err>
</testsuite>
